2024/09/10 17:09:49 Started: Ride
2024/09/10 17:09:54 Finished: Ride
2024/09/10 17:09:54 Started: Ride
2024/09/10 17:09:55 Entrance East: trusting_robinson entered the queue. Size: 1
2024/09/10 17:09:56 Entrance South: zen_lumiere entered the queue. Size: 2
2024/09/10 17:09:56 Entrance North: jovial_montalcini entered the queue. Size: 3
2024/09/10 17:09:57 Entrance East: silly_wing entered the queue. Size: 4
2024/09/10 17:09:58 Entrance East: stupefied_franklin entered the queue. Size: 5
2024/09/10 17:09:58 Entrance South: xenodochial_northcutt entered the queue. Size: 6
2024/09/10 17:09:58 Entrance West: pedantic_bardeen entered the queue. Size: 7
2024/09/10 17:09:58 Entrance North: awesome_archimedes entered the queue. Size: 8
2024/09/10 17:09:59 Entrance South: frosty_beaver entered the queue. Size: 9
2024/09/10 17:09:59 Finished: Ride
2024/09/10 17:09:59 Ride: awesome_archimedes entering car 1 in seat 1
2024/09/10 17:10:01 Ride: awesome_archimedes entered car 1 in seat 1
2024/09/10 17:10:01 Ride: silly_wing entering car 2 in seat 0
2024/09/10 17:10:03 Ride: silly_wing entered car 2 in seat 0
2024/09/10 17:10:03 Ride: zen_lumiere entering car 2 in seat 1
2024/09/10 17:10:05 Ride: zen_lumiere entered car 2 in seat 1
2024/09/10 17:10:05 Ride: trusting_robinson entering car 3 in seat 0
2024/09/10 17:10:07 Ride: trusting_robinson entered car 3 in seat 0
2024/09/10 17:10:07 Started: Ride
2024/09/10 17:10:07 Entrance North: epic_ellis entered the queue. Size: 6
2024/09/10 17:10:07 Entrance East: determined_noether entered the queue. Size: 7
2024/09/10 17:10:07 Entrance South: elated_einstein entered the queue. Size: 8
2024/09/10 17:10:07 Entrance West: trusting_hopper entered the queue. Size: 9
2024/09/10 17:10:09 Entrance North: infallible_gould entered the queue. Size: 10
2024/09/10 17:10:09 Entrance East: priceless_blackwell entered the queue. Size: 11
2024/09/10 17:10:09 Entrance North: heuristic_wescoff entered the queue. Size: 12
2024/09/10 17:10:09 Entrance South: sweet_spence entered the queue. Size: 13
2024/09/10 17:10:10 Entrance North: awesome_nash entered the queue. Size: 14
2024/09/10 17:10:10 Entrance East: elastic_goldwasser entered the queue. Size: 15
2024/09/10 17:10:11 Entrance East: fervent_margulis entered the queue. Size: 16
2024/09/10 17:10:11 Entrance North: elastic_elbakyan entered the queue. Size: 17
2024/09/10 17:10:12 Entrance East: upbeat_jackson entered the queue. Size: 18
2024/09/10 17:10:12 Finished: Ride
2024/09/10 17:10:12 Ride: upbeat_jackson entering car 1 in seat 1
2024/09/10 17:10:14 Ride: upbeat_jackson entered car 1 in seat 1
2024/09/10 17:10:14 Ride: fervent_margulis entering car 2 in seat 0
2024/09/10 17:10:16 Ride: fervent_margulis entered car 2 in seat 0
2024/09/10 17:10:16 Ride: elastic_goldwasser entering car 2 in seat 1
2024/09/10 17:10:18 Ride: elastic_goldwasser entered car 2 in seat 1
2024/09/10 17:10:18 Ride: heuristic_wescoff entering car 3 in seat 0
2024/09/10 17:10:20 Ride: heuristic_wescoff entered car 3 in seat 0
2024/09/10 17:10:20 Ride: trusting_hopper entering car 3 in seat 1
2024/09/10 17:10:22 Ride: trusting_hopper entered car 3 in seat 1
2024/09/10 17:10:22 Ride: jovial_montalcini entering car 4 in seat 0
2024/09/10 17:10:24 Ride: jovial_montalcini entered car 4 in seat 0
2024/09/10 17:10:24 Ride: stupefied_franklin entering car 4 in seat 1
2024/09/10 17:10:26 Ride: stupefied_franklin entered car 4 in seat 1
2024/09/10 17:10:26 Ride: xenodochial_northcutt entering car 5 in seat 0
2024/09/10 17:10:28 Ride: xenodochial_northcutt entered car 5 in seat 0
2024/09/10 17:10:28 Ride: pedantic_bardeen entering car 5 in seat 1
2024/09/10 17:10:30 Ride: pedantic_bardeen entered car 5 in seat 1
2024/09/10 17:10:30 Entrance West: quirky_taussig entered the queue. Size: 10
2024/09/10 17:10:30 Started: Ride
2024/09/10 17:10:30 Entrance South: strange_knuth entered the queue. Size: 11
2024/09/10 17:10:30 Entrance North: musing_dhawan entered the queue. Size: 12
2024/09/10 17:10:30 Entrance East: compassionate_ramanujan entered the queue. Size: 13
2024/09/10 17:10:31 Entrance East: sweet_kirch entered the queue. Size: 14
2024/09/10 17:10:31 Entrance East: pedantic_galois entered the queue. Size: 15
2024/09/10 17:10:31 Entrance South: admiring_haibt entered the queue. Size: 16
2024/09/10 17:10:32 Entrance East: sharp_aryabhata entered the queue. Size: 17
2024/09/10 17:10:32 Entrance North: admiring_murdock entered the queue. Size: 18
2024/09/10 17:10:33 Entrance East: reverent_lamport entered the queue. Size: 19
2024/09/10 17:10:33 Entrance West: gallant_thompson entered the queue. Size: 20
2024/09/10 17:10:34 Entrance North: zealous_wu entered the queue. Size: 21
2024/09/10 17:10:34 Entrance West: funny_keller entered the queue. Size: 22
2024/09/10 17:10:34 Entrance South: pensive_mclean entered the queue. Size: 23
2024/09/10 17:10:34 Entrance East: cool_noether entered the queue. Size: 24
2024/09/10 17:10:35 Entrance North: practical_jennings entered the queue. Size: 25
2024/09/10 17:10:35 Finished: Ride
2024/09/10 17:10:35 Ride: practical_jennings entering car 1 in seat 1
2024/09/10 17:10:37 Ride: practical_jennings entered car 1 in seat 1
2024/09/10 17:10:37 Ride: funny_keller entering car 2 in seat 0
2024/09/10 17:10:39 Ride: funny_keller entered car 2 in seat 0
2024/09/10 17:10:39 Ride: sharp_aryabhata entering car 2 in seat 1
2024/09/10 17:10:41 Ride: sharp_aryabhata entered car 2 in seat 1
2024/09/10 17:10:41 Ride: pedantic_galois entering car 3 in seat 0
2024/09/10 17:10:43 Ride: pedantic_galois entered car 3 in seat 0
2024/09/10 17:10:43 Ride: sweet_kirch entering car 3 in seat 1
2024/09/10 17:10:45 Ride: sweet_kirch entered car 3 in seat 1
2024/09/10 17:10:45 Ride: compassionate_ramanujan entering car 4 in seat 0
2024/09/10 17:10:47 Ride: compassionate_ramanujan entered car 4 in seat 0
2024/09/10 17:10:47 Ride: quirky_taussig entering car 4 in seat 1
2024/09/10 17:10:49 Ride: quirky_taussig entered car 4 in seat 1
2024/09/10 17:10:49 Ride: frosty_beaver entering car 5 in seat 0
2024/09/10 17:10:51 Ride: frosty_beaver entered car 5 in seat 0
2024/09/10 17:10:51 Ride: epic_ellis entering car 5 in seat 1
2024/09/10 17:10:53 Ride: epic_ellis entered car 5 in seat 1
2024/09/10 17:10:53 Ride: determined_noether entering car 6 in seat 0
2024/09/10 17:10:55 Ride: determined_noether entered car 6 in seat 0
2024/09/10 17:10:55 Ride: elated_einstein entering car 6 in seat 1
2024/09/10 17:10:57 Ride: elated_einstein entered car 6 in seat 1
2024/09/10 17:10:57 Ride: infallible_gould entering car 7 in seat 0
2024/09/10 17:10:59 Ride: infallible_gould entered car 7 in seat 0
2024/09/10 17:10:59 Started: Ride
2024/09/10 17:10:59 Entrance South: unruffled_borg entered the queue. Size: 14
2024/09/10 17:10:59 Entrance East: interesting_pascal entered the queue. Size: 15
2024/09/10 17:10:59 Entrance North: sweet_noether entered the queue. Size: 16
2024/09/10 17:10:59 Entrance West: beautiful_dijkstra entered the queue. Size: 17
2024/09/10 17:11:00 Entrance North: sharp_darwin entered the queue. Size: 18
2024/09/10 17:11:01 Entrance East: happy_pasteur entered the queue. Size: 19
2024/09/10 17:11:01 Entrance East: reverent_banzai entered the queue. Size: 20
2024/09/10 17:11:02 Entrance North: silly_dijkstra entered the queue. Size: 21
2024/09/10 17:11:02 Entrance South: festive_brattain entered the queue. Size: 22
2024/09/10 17:11:02 Entrance West: silly_ishizaka entered the queue. Size: 23
2024/09/10 17:11:03 Entrance East: focused_elgamal entered the queue. Size: 24
2024/09/10 17:11:04 Entrance North: compassionate_mirzakhani entered the queue. Size: 25
2024/09/10 17:11:04 Finished: Ride
2024/09/10 17:11:04 Ride: focused_elgamal entering car 1 in seat 1
2024/09/10 17:11:06 Ride: focused_elgamal entered car 1 in seat 1
2024/09/10 17:11:06 Ride: silly_ishizaka entering car 2 in seat 0
2024/09/10 17:11:08 Ride: silly_ishizaka entered car 2 in seat 0
2024/09/10 17:11:08 Ride: happy_pasteur entering car 2 in seat 1
2024/09/10 17:11:10 Ride: happy_pasteur entered car 2 in seat 1
2024/09/10 17:11:10 Ride: sharp_darwin entering car 3 in seat 0
2024/09/10 17:11:12 Ride: sharp_darwin entered car 3 in seat 0
2024/09/10 17:11:12 Ride: beautiful_dijkstra entering car 3 in seat 1
2024/09/10 17:11:14 Ride: beautiful_dijkstra entered car 3 in seat 1
2024/09/10 17:11:14 Ride: interesting_pascal entering car 4 in seat 0
2024/09/10 17:11:16 Ride: interesting_pascal entered car 4 in seat 0
2024/09/10 17:11:16 Ride: priceless_blackwell entering car 4 in seat 1
2024/09/10 17:11:18 Ride: priceless_blackwell entered car 4 in seat 1
2024/09/10 17:11:18 Ride: sweet_spence entering car 5 in seat 0
2024/09/10 17:11:20 Ride: sweet_spence entered car 5 in seat 0
2024/09/10 17:11:20 Ride: awesome_nash entering car 5 in seat 1
2024/09/10 17:11:22 Ride: awesome_nash entered car 5 in seat 1
2024/09/10 17:11:22 Ride: elastic_elbakyan entering car 6 in seat 0
2024/09/10 17:11:24 Ride: elastic_elbakyan entered car 6 in seat 0
2024/09/10 17:11:24 Ride: strange_knuth entering car 6 in seat 1
2024/09/10 17:11:26 Ride: strange_knuth entered car 6 in seat 1
2024/09/10 17:11:26 Ride: musing_dhawan entering car 7 in seat 0
2024/09/10 17:11:28 Ride: musing_dhawan entered car 7 in seat 0
2024/09/10 17:11:28 Started: Ride
2024/09/10 17:11:28 Entrance East: nice_ritchie entered the queue. Size: 14
2024/09/10 17:11:28 Entrance South: hardcore_noyce entered the queue. Size: 15
2024/09/10 17:11:28 Entrance North: infallible_euclid entered the queue. Size: 16
2024/09/10 17:11:28 Entrance West: wonderful_diffie entered the queue. Size: 17
2024/09/10 17:11:29 Entrance North: boring_herschel entered the queue. Size: 18
2024/09/10 17:11:29 Entrance South: musing_euler entered the queue. Size: 19
2024/09/10 17:11:29 Entrance East: nice_aryabhata entered the queue. Size: 20
2024/09/10 17:11:30 Entrance South: cool_roentgen entered the queue. Size: 21
2024/09/10 17:11:30 Entrance East: priceless_kilby entered the queue. Size: 22
2024/09/10 17:11:31 Entrance South: mystifying_shirley entered the queue. Size: 23
2024/09/10 17:11:31 Entrance North: inspiring_noether entered the queue. Size: 24
2024/09/10 17:11:32 Entrance East: elegant_wilbur entered the queue. Size: 25
2024/09/10 17:11:33 Entrance South: stupefied_meninsky entered the queue. Size: 26
2024/09/10 17:11:33 Entrance North: eager_austin entered the queue. Size: 27
2024/09/10 17:11:33 Entrance West: unruffled_proskuriakova entered the queue. Size: 28
2024/09/10 17:11:33 Finished: Ride
2024/09/10 17:11:33 Ride: stupefied_meninsky entering car 1 in seat 1
2024/09/10 17:11:35 Ride: stupefied_meninsky entered car 1 in seat 1
2024/09/10 17:11:35 Ride: elegant_wilbur entering car 2 in seat 0
2024/09/10 17:11:37 Ride: elegant_wilbur entered car 2 in seat 0
2024/09/10 17:11:37 Ride: mystifying_shirley entering car 2 in seat 1
2024/09/10 17:11:39 Ride: mystifying_shirley entered car 2 in seat 1
2024/09/10 17:11:39 Ride: wonderful_diffie entering car 3 in seat 0
2024/09/10 17:11:41 Ride: wonderful_diffie entered car 3 in seat 0
2024/09/10 17:11:41 Ride: infallible_euclid entering car 3 in seat 1
2024/09/10 17:11:43 Ride: infallible_euclid entered car 3 in seat 1
2024/09/10 17:11:43 Ride: admiring_haibt entering car 4 in seat 0
2024/09/10 17:11:45 Ride: admiring_haibt entered car 4 in seat 0
2024/09/10 17:11:45 Ride: admiring_murdock entering car 4 in seat 1
2024/09/10 17:11:47 Ride: admiring_murdock entered car 4 in seat 1
2024/09/10 17:11:47 Ride: reverent_lamport entering car 5 in seat 0
2024/09/10 17:11:49 Ride: reverent_lamport entered car 5 in seat 0
2024/09/10 17:11:49 Ride: gallant_thompson entering car 5 in seat 1
2024/09/10 17:11:51 Ride: gallant_thompson entered car 5 in seat 1
2024/09/10 17:11:51 Ride: zealous_wu entering car 6 in seat 0
2024/09/10 17:11:53 Ride: zealous_wu entered car 6 in seat 0
2024/09/10 17:11:53 Ride: pensive_mclean entering car 6 in seat 1
2024/09/10 17:11:55 Ride: pensive_mclean entered car 6 in seat 1
2024/09/10 17:11:55 Ride: cool_noether entering car 7 in seat 0
2024/09/10 17:11:57 Ride: cool_noether entered car 7 in seat 0
2024/09/10 17:11:57 Ride: unruffled_borg entering car 7 in seat 1
2024/09/10 17:11:59 Ride: unruffled_borg entered car 7 in seat 1
2024/09/10 17:11:59 Ride: sweet_noether entering car 8 in seat 0
2024/09/10 17:12:01 Ride: sweet_noether entered car 8 in seat 0
2024/09/10 17:12:01 Entrance North: suspicious_neumann entered the queue. Size: 15
2024/09/10 17:12:01 Started: Ride
2024/09/10 17:12:01 Entrance East: youthful_borg entered the queue. Size: 16
2024/09/10 17:12:01 Entrance West: priceless_bardeen entered the queue. Size: 17
2024/09/10 17:12:01 Entrance South: compassionate_aryabhata entered the queue. Size: 18
2024/09/10 17:12:02 Entrance West: zen_mendeleev entered the queue. Size: 19
2024/09/10 17:12:02 Entrance South: amazing_feistel entered the queue. Size: 20
2024/09/10 17:12:03 Entrance North: peaceful_einstein entered the queue. Size: 21
2024/09/10 17:12:03 Entrance East: heuristic_hoover entered the queue. Size: 22
2024/09/10 17:12:05 Entrance East: elated_khorana entered the queue. Size: 23
2024/09/10 17:12:05 Entrance North: practical_darwin entered the queue. Size: 24
2024/09/10 17:12:06 Entrance South: heuristic_noether entered the queue. Size: 25
2024/09/10 17:12:06 Entrance North: busy_shamir entered the queue. Size: 26
2024/09/10 17:12:06 Entrance East: nostalgic_curran entered the queue. Size: 27
2024/09/10 17:12:06 Finished: Ride
2024/09/10 17:12:06 Ride: nostalgic_curran entering car 1 in seat 1
2024/09/10 17:12:08 Ride: nostalgic_curran entered car 1 in seat 1
2024/09/10 17:12:08 Ride: heuristic_noether entering car 2 in seat 0
2024/09/10 17:12:10 Ride: heuristic_noether entered car 2 in seat 0
2024/09/10 17:12:10 Ride: elated_khorana entering car 2 in seat 1
2024/09/10 17:12:12 Ride: elated_khorana entered car 2 in seat 1
2024/09/10 17:12:12 Ride: zen_mendeleev entering car 3 in seat 0
2024/09/10 17:12:14 Ride: zen_mendeleev entered car 3 in seat 0
2024/09/10 17:12:14 Ride: reverent_banzai entering car 3 in seat 1
2024/09/10 17:12:16 Ride: reverent_banzai entered car 3 in seat 1
2024/09/10 17:12:16 Ride: silly_dijkstra entering car 4 in seat 0
2024/09/10 17:12:18 Ride: silly_dijkstra entered car 4 in seat 0
2024/09/10 17:12:18 Ride: festive_brattain entering car 4 in seat 1
2024/09/10 17:12:20 Ride: festive_brattain entered car 4 in seat 1
2024/09/10 17:12:20 Ride: compassionate_mirzakhani entering car 5 in seat 0
2024/09/10 17:12:22 Ride: compassionate_mirzakhani entered car 5 in seat 0
2024/09/10 17:12:22 Ride: nice_ritchie entering car 5 in seat 1
2024/09/10 17:12:24 Ride: nice_ritchie entered car 5 in seat 1
2024/09/10 17:12:24 Ride: hardcore_noyce entering car 6 in seat 0
2024/09/10 17:12:26 Ride: hardcore_noyce entered car 6 in seat 0
2024/09/10 17:12:26 Ride: boring_herschel entering car 6 in seat 1
2024/09/10 17:12:28 Ride: boring_herschel entered car 6 in seat 1
2024/09/10 17:12:28 Ride: musing_euler entering car 7 in seat 0
2024/09/10 17:12:30 Ride: musing_euler entered car 7 in seat 0
2024/09/10 17:12:30 Ride: nice_aryabhata entering car 7 in seat 1
2024/09/10 17:12:32 Ride: nice_aryabhata entered car 7 in seat 1
2024/09/10 17:12:32 Started: Ride
2024/09/10 17:12:32 Entrance North: vigorous_williams entered the queue. Size: 15
2024/09/10 17:12:32 Entrance East: loving_cray entered the queue. Size: 16
2024/09/10 17:12:32 Entrance West: kind_cannon entered the queue. Size: 17
2024/09/10 17:12:32 Entrance South: frosty_blackwell entered the queue. Size: 18
2024/09/10 17:12:33 Entrance East: silly_sutherland entered the queue. Size: 19
2024/09/10 17:12:33 Entrance East: vigorous_murdock entered the queue. Size: 20
2024/09/10 17:12:34 Entrance South: hungry_pasteur entered the queue. Size: 21
2024/09/10 17:12:34 Entrance North: priceless_hamilton entered the queue. Size: 22
2024/09/10 17:12:35 Entrance East: zen_ramanujan entered the queue. Size: 23
2024/09/10 17:12:36 Entrance East: competent_pascal entered the queue. Size: 24
2024/09/10 17:12:36 Entrance South: nifty_tharp entered the queue. Size: 25
2024/09/10 17:12:36 Entrance North: brave_noether entered the queue. Size: 26
2024/09/10 17:12:37 Entrance East: bold_lichterman entered the queue. Size: 27
2024/09/10 17:12:37 Finished: Ride
2024/09/10 17:12:37 Ride: bold_lichterman entering car 1 in seat 1
2024/09/10 17:12:39 Ride: bold_lichterman entered car 1 in seat 1
2024/09/10 17:12:39 Ride: brave_noether entering car 2 in seat 0
2024/09/10 17:12:41 Ride: brave_noether entered car 2 in seat 0
2024/09/10 17:12:41 Ride: loving_cray entering car 2 in seat 1
2024/09/10 17:12:43 Ride: loving_cray entered car 2 in seat 1
2024/09/10 17:12:43 Ride: cool_roentgen entering car 3 in seat 0
2024/09/10 17:12:45 Ride: cool_roentgen entered car 3 in seat 0
2024/09/10 17:12:45 Ride: priceless_kilby entering car 3 in seat 1
2024/09/10 17:12:47 Ride: priceless_kilby entered car 3 in seat 1
2024/09/10 17:12:47 Ride: inspiring_noether entering car 4 in seat 0
2024/09/10 17:12:49 Ride: inspiring_noether entered car 4 in seat 0
2024/09/10 17:12:49 Ride: eager_austin entering car 4 in seat 1
2024/09/10 17:12:51 Ride: eager_austin entered car 4 in seat 1
2024/09/10 17:12:51 Ride: unruffled_proskuriakova entering car 5 in seat 0
2024/09/10 17:12:53 Ride: unruffled_proskuriakova entered car 5 in seat 0
2024/09/10 17:12:53 Ride: suspicious_neumann entering car 5 in seat 1
2024/09/10 17:12:55 Ride: suspicious_neumann entered car 5 in seat 1
2024/09/10 17:12:55 Ride: youthful_borg entering car 6 in seat 0
2024/09/10 17:12:57 Ride: youthful_borg entered car 6 in seat 0
2024/09/10 17:12:57 Ride: priceless_bardeen entering car 6 in seat 1
2024/09/10 17:12:59 Ride: priceless_bardeen entered car 6 in seat 1
2024/09/10 17:12:59 Ride: compassionate_aryabhata entering car 7 in seat 0
2024/09/10 17:13:01 Ride: compassionate_aryabhata entered car 7 in seat 0
2024/09/10 17:13:01 Ride: amazing_feistel entering car 7 in seat 1
2024/09/10 17:13:03 Ride: amazing_feistel entered car 7 in seat 1
2024/09/10 17:13:03 Started: Ride
2024/09/10 17:13:03 Entrance West: unruffled_wiles entered the queue. Size: 15
2024/09/10 17:13:03 Entrance East: great_colden entered the queue. Size: 16
2024/09/10 17:13:03 Entrance North: epic_ellis entered the queue. Size: 17
2024/09/10 17:13:03 Entrance South: festive_diffie entered the queue. Size: 18
2024/09/10 17:13:04 Entrance East: compassionate_allen entered the queue. Size: 19
2024/09/10 17:13:05 Entrance North: dazzling_borg entered the queue. Size: 20
2024/09/10 17:13:05 Entrance East: infallible_mclean entered the queue. Size: 21
2024/09/10 17:13:06 Entrance South: keen_meitner entered the queue. Size: 22
2024/09/10 17:13:06 Entrance East: peaceful_hertz entered the queue. Size: 23
2024/09/10 17:13:06 Entrance North: elastic_jennings entered the queue. Size: 24
2024/09/10 17:13:07 Entrance West: brave_shirley entered the queue. Size: 25
2024/09/10 17:13:07 Entrance West: elastic_raman entered the queue. Size: 26
2024/09/10 17:13:08 Entrance East: blissful_leakey entered the queue. Size: 27
2024/09/10 17:13:08 Entrance South: infallible_albattani entered the queue. Size: 28
2024/09/10 17:13:08 Finished: Ride
2024/09/10 17:13:08 Ride: blissful_leakey entering car 1 in seat 1
2024/09/10 17:13:10 Ride: blissful_leakey entered car 1 in seat 1
2024/09/10 17:13:10 Ride: elastic_raman entering car 2 in seat 0
2024/09/10 17:13:12 Ride: elastic_raman entered car 2 in seat 0
2024/09/10 17:13:12 Ride: peaceful_hertz entering car 2 in seat 1
2024/09/10 17:13:14 Ride: peaceful_hertz entered car 2 in seat 1
2024/09/10 17:13:14 Ride: infallible_mclean entering car 3 in seat 0
2024/09/10 17:13:16 Ride: infallible_mclean entered car 3 in seat 0
2024/09/10 17:13:16 Ride: compassionate_allen entering car 3 in seat 1
2024/09/10 17:13:18 Ride: compassionate_allen entered car 3 in seat 1
2024/09/10 17:13:18 Ride: great_colden entering car 4 in seat 0
2024/09/10 17:13:20 Ride: great_colden entered car 4 in seat 0
2024/09/10 17:13:20 Ride: peaceful_einstein entering car 4 in seat 1
2024/09/10 17:13:22 Ride: peaceful_einstein entered car 4 in seat 1
2024/09/10 17:13:22 Ride: heuristic_hoover entering car 5 in seat 0
2024/09/10 17:13:24 Ride: heuristic_hoover entered car 5 in seat 0
2024/09/10 17:13:24 Ride: practical_darwin entering car 5 in seat 1
2024/09/10 17:13:26 Ride: practical_darwin entered car 5 in seat 1
2024/09/10 17:13:26 Ride: busy_shamir entering car 6 in seat 0
2024/09/10 17:13:28 Ride: busy_shamir entered car 6 in seat 0
2024/09/10 17:13:28 Ride: vigorous_williams entering car 6 in seat 1
2024/09/10 17:13:30 Ride: vigorous_williams entered car 6 in seat 1
2024/09/10 17:13:30 Ride: kind_cannon entering car 7 in seat 0
2024/09/10 17:13:32 Ride: kind_cannon entered car 7 in seat 0
2024/09/10 17:13:32 Ride: frosty_blackwell entering car 7 in seat 1
2024/09/10 17:13:34 Ride: frosty_blackwell entered car 7 in seat 1
2024/09/10 17:13:34 Ride: silly_sutherland entering car 8 in seat 0
2024/09/10 17:13:36 Ride: silly_sutherland entered car 8 in seat 0
2024/09/10 17:13:36 Entrance North: relaxed_morse entered the queue. Size: 15
2024/09/10 17:13:36 Started: Ride
2024/09/10 17:13:36 Entrance East: festive_villani entered the queue. Size: 16
2024/09/10 17:13:36 Entrance West: bold_chebyshev entered the queue. Size: 17
2024/09/10 17:13:36 Entrance South: dreamy_herschel entered the queue. Size: 18
2024/09/10 17:13:37 Entrance East: trusting_borg entered the queue. Size: 19
2024/09/10 17:13:38 Entrance North: intelligent_tharp entered the queue. Size: 20
2024/09/10 17:13:38 Entrance South: strange_burnell entered the queue. Size: 21
2024/09/10 17:13:38 Entrance East: friendly_hellman entered the queue. Size: 22
2024/09/10 17:13:39 Entrance East: quirky_bassi entered the queue. Size: 23
2024/09/10 17:13:39 Entrance West: elated_goldstine entered the queue. Size: 24
2024/09/10 17:13:39 Entrance North: zen_wiles entered the queue. Size: 25
2024/09/10 17:13:40 Entrance East: tender_northcutt entered the queue. Size: 26
2024/09/10 17:13:40 Entrance East: nice_feistel entered the queue. Size: 27
2024/09/10 17:13:40 Entrance North: youthful_satoshi entered the queue. Size: 28
2024/09/10 17:13:40 Entrance East: angry_gates entered the queue. Size: 29
2024/09/10 17:13:41 Entrance South: ecstatic_varahamihira entered the queue. Size: 30
2024/09/10 17:13:41 Finished: Ride
2024/09/10 17:13:41 Ride: ecstatic_varahamihira entering car 1 in seat 1
2024/09/10 17:13:43 Ride: ecstatic_varahamihira entered car 1 in seat 1
2024/09/10 17:13:43 Ride: quirky_bassi entering car 2 in seat 0
2024/09/10 17:13:45 Ride: quirky_bassi entered car 2 in seat 0
2024/09/10 17:13:45 Ride: trusting_borg entering car 2 in seat 1
2024/09/10 17:13:47 Ride: trusting_borg entered car 2 in seat 1
2024/09/10 17:13:47 Ride: vigorous_murdock entering car 3 in seat 0
2024/09/10 17:13:49 Ride: vigorous_murdock entered car 3 in seat 0
2024/09/10 17:13:49 Ride: hungry_pasteur entering car 3 in seat 1
2024/09/10 17:13:51 Ride: hungry_pasteur entered car 3 in seat 1
2024/09/10 17:13:51 Ride: priceless_hamilton entering car 4 in seat 0
2024/09/10 17:13:53 Ride: priceless_hamilton entered car 4 in seat 0
2024/09/10 17:13:53 Ride: zen_ramanujan entering car 4 in seat 1
2024/09/10 17:13:55 Ride: zen_ramanujan entered car 4 in seat 1
2024/09/10 17:13:55 Ride: competent_pascal entering car 5 in seat 0
2024/09/10 17:13:57 Ride: competent_pascal entered car 5 in seat 0
2024/09/10 17:13:57 Ride: nifty_tharp entering car 5 in seat 1
2024/09/10 17:13:59 Ride: nifty_tharp entered car 5 in seat 1
2024/09/10 17:13:59 Ride: unruffled_wiles entering car 6 in seat 0
2024/09/10 17:14:01 Ride: unruffled_wiles entered car 6 in seat 0
2024/09/10 17:14:01 Ride: epic_ellis entering car 6 in seat 1
2024/09/10 17:14:03 Ride: epic_ellis entered car 6 in seat 1
2024/09/10 17:14:03 Ride: festive_diffie entering car 7 in seat 0
2024/09/10 17:14:05 Ride: festive_diffie entered car 7 in seat 0
2024/09/10 17:14:05 Ride: dazzling_borg entering car 7 in seat 1
2024/09/10 17:14:07 Ride: dazzling_borg entered car 7 in seat 1
2024/09/10 17:14:07 Ride: keen_meitner entering car 8 in seat 0
2024/09/10 17:14:09 Ride: keen_meitner entered car 8 in seat 0
2024/09/10 17:14:09 Ride: elastic_jennings entering car 8 in seat 1
2024/09/10 17:14:11 Ride: elastic_jennings entered car 8 in seat 1
2024/09/10 17:14:11 Entrance East: pensive_beaver entered the queue. Size: 16
2024/09/10 17:14:11 Started: Ride
2024/09/10 17:14:11 Entrance North: relaxed_matsumoto entered the queue. Size: 17
2024/09/10 17:14:11 Entrance West: awesome_wilbur entered the queue. Size: 18
2024/09/10 17:14:11 Entrance South: focused_sammet entered the queue. Size: 19
2024/09/10 17:14:12 Entrance North: amazing_mcclintock entered the queue. Size: 20
2024/09/10 17:14:12 Entrance East: dazzling_kare entered the queue. Size: 21
2024/09/10 17:14:12 Entrance North: goofy_euclid entered the queue. Size: 22
2024/09/10 17:14:13 Entrance East: adoring_sanderson entered the queue. Size: 23
2024/09/10 17:14:13 Entrance East: dreamy_bartik entered the queue. Size: 24
2024/09/10 17:14:13 Entrance South: pedantic_snyder entered the queue. Size: 25
2024/09/10 17:14:14 Entrance East: blissful_saha entered the queue. Size: 26
2024/09/10 17:14:14 Entrance South: nostalgic_chatelet entered the queue. Size: 27
2024/09/10 17:14:14 Entrance East: interesting_galois entered the queue. Size: 28
2024/09/10 17:14:15 Entrance West: relaxed_hermann entered the queue. Size: 29
2024/09/10 17:14:15 Entrance North: vigorous_beaver entered the queue. Size: 30
2024/09/10 17:14:15 Entrance East: priceless_poitras entered the queue. Size: 31
2024/09/10 17:14:16 Entrance North: trusting_dubinsky entered the queue. Size: 32
2024/09/10 17:14:16 Finished: Ride
2024/09/10 17:14:16 Ride: relaxed_hermann entering car 1 in seat 1
2024/09/10 17:14:18 Ride: relaxed_hermann entered car 1 in seat 1
2024/09/10 17:14:18 Ride: blissful_saha entering car 2 in seat 0
2024/09/10 17:14:20 Ride: blissful_saha entered car 2 in seat 0
2024/09/10 17:14:20 Ride: adoring_sanderson entering car 2 in seat 1
2024/09/10 17:14:22 Ride: adoring_sanderson entered car 2 in seat 1
2024/09/10 17:14:22 Ride: goofy_euclid entering car 3 in seat 0
2024/09/10 17:14:24 Ride: goofy_euclid entered car 3 in seat 0
2024/09/10 17:14:24 Ride: amazing_mcclintock entering car 3 in seat 1
2024/09/10 17:14:26 Ride: amazing_mcclintock entered car 3 in seat 1
2024/09/10 17:14:26 Ride: focused_sammet entering car 4 in seat 0
2024/09/10 17:14:28 Ride: focused_sammet entered car 4 in seat 0
2024/09/10 17:14:28 Ride: pensive_beaver entering car 4 in seat 1
2024/09/10 17:14:30 Ride: pensive_beaver entered car 4 in seat 1
2024/09/10 17:14:30 Ride: brave_shirley entering car 5 in seat 0
2024/09/10 17:14:32 Ride: brave_shirley entered car 5 in seat 0
2024/09/10 17:14:32 Ride: infallible_albattani entering car 5 in seat 1
2024/09/10 17:14:34 Ride: infallible_albattani entered car 5 in seat 1
2024/09/10 17:14:34 Ride: relaxed_morse entering car 6 in seat 0
2024/09/10 17:14:36 Ride: relaxed_morse entered car 6 in seat 0
2024/09/10 17:14:36 Ride: festive_villani entering car 6 in seat 1
2024/09/10 17:14:38 Ride: festive_villani entered car 6 in seat 1
2024/09/10 17:14:38 Ride: bold_chebyshev entering car 7 in seat 0
2024/09/10 17:14:40 Ride: bold_chebyshev entered car 7 in seat 0
2024/09/10 17:14:40 Ride: dreamy_herschel entering car 7 in seat 1
2024/09/10 17:14:42 Ride: dreamy_herschel entered car 7 in seat 1
2024/09/10 17:14:42 Ride: intelligent_tharp entering car 8 in seat 0
2024/09/10 17:14:44 Ride: intelligent_tharp entered car 8 in seat 0
2024/09/10 17:14:44 Ride: strange_burnell entering car 8 in seat 1
2024/09/10 17:14:46 Ride: strange_burnell entered car 8 in seat 1
2024/09/10 17:14:46 Entrance South: quirky_bouman entered the queue. Size: 18
2024/09/10 17:14:46 Started: Ride
2024/09/10 17:14:46 Entrance North: wizardly_hamilton entered the queue. Size: 19
2024/09/10 17:14:46 Entrance West: gallant_perlman entered the queue. Size: 20
2024/09/10 17:14:46 Entrance East: goofy_nash entered the queue. Size: 21
2024/09/10 17:14:47 Entrance South: modest_chatelet entered the queue. Size: 22
2024/09/10 17:14:47 Entrance East: dazzling_volhard entered the queue. Size: 23
2024/09/10 17:14:48 Entrance East: mystifying_euclid entered the queue. Size: 24
2024/09/10 17:14:48 Entrance North: relaxed_black entered the queue. Size: 25
2024/09/10 17:14:48 Entrance South: musing_ardinghelli entered the queue. Size: 26
2024/09/10 17:14:48 Entrance North: blissful_chaplygin entered the queue. Size: 27
2024/09/10 17:14:49 Entrance East: epic_jang entered the queue. Size: 28
2024/09/10 17:14:50 Entrance North: priceless_albattani entered the queue. Size: 29
2024/09/10 17:14:50 Entrance West: dazzling_lamarr entered the queue. Size: 30
2024/09/10 17:14:51 Entrance East: friendly_galileo entered the queue. Size: 31
2024/09/10 17:14:51 Finished: Ride
2024/09/10 17:14:51 Ride: mystifying_euclid entering car 1 in seat 1
2024/09/10 17:14:53 Ride: mystifying_euclid entered car 1 in seat 1
2024/09/10 17:14:53 Ride: modest_chatelet entering car 2 in seat 0
2024/09/10 17:14:55 Ride: modest_chatelet entered car 2 in seat 0
2024/09/10 17:14:55 Ride: gallant_perlman entering car 2 in seat 1
2024/09/10 17:14:57 Ride: gallant_perlman entered car 2 in seat 1
2024/09/10 17:14:57 Ride: quirky_bouman entering car 3 in seat 0
2024/09/10 17:14:59 Ride: quirky_bouman entered car 3 in seat 0
2024/09/10 17:14:59 Ride: friendly_hellman entering car 3 in seat 1
2024/09/10 17:15:01 Ride: friendly_hellman entered car 3 in seat 1
2024/09/10 17:15:01 Ride: elated_goldstine entering car 4 in seat 0
2024/09/10 17:15:03 Ride: elated_goldstine entered car 4 in seat 0
2024/09/10 17:15:03 Ride: zen_wiles entering car 4 in seat 1
2024/09/10 17:15:05 Ride: zen_wiles entered car 4 in seat 1
2024/09/10 17:15:05 Ride: tender_northcutt entering car 5 in seat 0
2024/09/10 17:15:07 Ride: tender_northcutt entered car 5 in seat 0
2024/09/10 17:15:07 Ride: nice_feistel entering car 5 in seat 1
2024/09/10 17:15:09 Ride: nice_feistel entered car 5 in seat 1
2024/09/10 17:15:09 Ride: youthful_satoshi entering car 6 in seat 0
2024/09/10 17:15:11 Ride: youthful_satoshi entered car 6 in seat 0
2024/09/10 17:15:11 Ride: angry_gates entering car 6 in seat 1
2024/09/10 17:15:13 Ride: angry_gates entered car 6 in seat 1
2024/09/10 17:15:13 Ride: relaxed_matsumoto entering car 7 in seat 0
2024/09/10 17:15:15 Ride: relaxed_matsumoto entered car 7 in seat 0
2024/09/10 17:15:15 Ride: awesome_wilbur entering car 7 in seat 1
2024/09/10 17:15:17 Ride: awesome_wilbur entered car 7 in seat 1
2024/09/10 17:15:17 Ride: dazzling_kare entering car 8 in seat 0
2024/09/10 17:15:19 Ride: dazzling_kare entered car 8 in seat 0
2024/09/10 17:15:19 Ride: dreamy_bartik entering car 8 in seat 1
2024/09/10 17:15:21 Ride: dreamy_bartik entered car 8 in seat 1
2024/09/10 17:15:21 Started: Ride
2024/09/10 17:15:21 Entrance North: upbeat_jemison entered the queue. Size: 17
2024/09/10 17:15:21 Entrance South: sharp_robinson entered the queue. Size: 18
2024/09/10 17:15:21 Entrance East: relaxed_solomon entered the queue. Size: 19
2024/09/10 17:15:21 Entrance West: optimistic_chaum entered the queue. Size: 20
2024/09/10 17:15:22 Entrance North: brave_golick entered the queue. Size: 21
2024/09/10 17:15:22 Entrance West: awesome_darwin entered the queue. Size: 22
2024/09/10 17:15:22 Entrance East: pensive_northcutt entered the queue. Size: 23
2024/09/10 17:15:22 Entrance West: adoring_roentgen entered the queue. Size: 24
2024/09/10 17:15:22 Entrance East: boring_euler entered the queue. Size: 25
2024/09/10 17:15:23 Entrance North: cranky_dijkstra entered the queue. Size: 26
2024/09/10 17:15:23 Entrance North: priceless_kowalevski entered the queue. Size: 27
2024/09/10 17:15:24 Entrance North: unruffled_bose entered the queue. Size: 28
2024/09/10 17:15:24 Entrance East: ecstatic_kalam entered the queue. Size: 29
2024/09/10 17:15:24 Entrance East: quirky_fermi entered the queue. Size: 30
2024/09/10 17:15:25 Entrance South: nice_newton entered the queue. Size: 31
2024/09/10 17:15:26 Entrance North: eager_pascal entered the queue. Size: 32
2024/09/10 17:15:26 Entrance East: brave_joliot entered the queue. Size: 33
2024/09/10 17:15:26 Finished: Ride
2024/09/10 17:15:26 Ride: unruffled_bose entering car 1 in seat 1
2024/09/10 17:15:28 Ride: unruffled_bose entered car 1 in seat 1
2024/09/10 17:15:28 Ride: priceless_kowalevski entering car 2 in seat 0
2024/09/10 17:15:30 Ride: priceless_kowalevski entered car 2 in seat 0
2024/09/10 17:15:30 Ride: brave_golick entering car 2 in seat 1
2024/09/10 17:15:32 Ride: brave_golick entered car 2 in seat 1
2024/09/10 17:15:32 Ride: sharp_robinson entering car 3 in seat 0
2024/09/10 17:15:34 Ride: sharp_robinson entered car 3 in seat 0
2024/09/10 17:15:34 Ride: pedantic_snyder entering car 3 in seat 1
2024/09/10 17:15:36 Ride: pedantic_snyder entered car 3 in seat 1
2024/09/10 17:15:36 Ride: nostalgic_chatelet entering car 4 in seat 0
2024/09/10 17:15:38 Ride: nostalgic_chatelet entered car 4 in seat 0
2024/09/10 17:15:38 Ride: interesting_galois entering car 4 in seat 1
2024/09/10 17:15:40 Ride: interesting_galois entered car 4 in seat 1
2024/09/10 17:15:40 Ride: vigorous_beaver entering car 5 in seat 0
2024/09/10 17:15:42 Ride: vigorous_beaver entered car 5 in seat 0
2024/09/10 17:15:42 Ride: priceless_poitras entering car 5 in seat 1
2024/09/10 17:15:44 Ride: priceless_poitras entered car 5 in seat 1
2024/09/10 17:15:44 Ride: trusting_dubinsky entering car 6 in seat 0
2024/09/10 17:15:46 Ride: trusting_dubinsky entered car 6 in seat 0
2024/09/10 17:15:46 Ride: wizardly_hamilton entering car 6 in seat 1
2024/09/10 17:15:48 Ride: wizardly_hamilton entered car 6 in seat 1
2024/09/10 17:15:48 Ride: goofy_nash entering car 7 in seat 0
2024/09/10 17:15:50 Ride: goofy_nash entered car 7 in seat 0
2024/09/10 17:15:50 Ride: dazzling_volhard entering car 7 in seat 1
2024/09/10 17:15:52 Ride: dazzling_volhard entered car 7 in seat 1
2024/09/10 17:15:52 Ride: relaxed_black entering car 8 in seat 0
2024/09/10 17:15:54 Ride: relaxed_black entered car 8 in seat 0
2024/09/10 17:15:54 Ride: musing_ardinghelli entering car 8 in seat 1
2024/09/10 17:15:56 Ride: musing_ardinghelli entered car 8 in seat 1
2024/09/10 17:15:56 Started: Ride
2024/09/10 17:15:56 Entrance North: hardcore_dhawan entered the queue. Size: 19
2024/09/10 17:15:56 Entrance South: zealous_lovelace entered the queue. Size: 20
2024/09/10 17:15:56 Entrance East: beautiful_newton entered the queue. Size: 21
2024/09/10 17:15:56 Entrance West: xenodochial_chatelet entered the queue. Size: 22
2024/09/10 17:15:58 Entrance East: competent_pare entered the queue. Size: 23
2024/09/10 17:15:58 Entrance South: fervent_brahmagupta entered the queue. Size: 24
2024/09/10 17:15:59 Entrance East: intelligent_shirley entered the queue. Size: 25
2024/09/10 17:15:59 Entrance North: compassionate_morse entered the queue. Size: 26
2024/09/10 17:16:00 Entrance North: eager_grothendieck entered the queue. Size: 27
2024/09/10 17:16:00 Entrance East: beautiful_jemison entered the queue. Size: 28
2024/09/10 17:16:00 Entrance South: determined_cannon entered the queue. Size: 29
2024/09/10 17:16:01 Entrance North: intelligent_galileo entered the queue. Size: 30
2024/09/10 17:16:01 Entrance South: silly_kapitsa entered the queue. Size: 31
2024/09/10 17:16:01 Entrance East: affectionate_heyrovsky entered the queue. Size: 32
2024/09/10 17:16:01 Entrance West: elegant_jepsen entered the queue. Size: 33
2024/09/10 17:16:01 Finished: Ride
2024/09/10 17:16:01 Ride: elegant_jepsen entering car 1 in seat 1
2024/09/10 17:16:03 Ride: elegant_jepsen entered car 1 in seat 1
2024/09/10 17:16:03 Ride: eager_grothendieck entering car 2 in seat 0
2024/09/10 17:16:05 Ride: eager_grothendieck entered car 2 in seat 0
2024/09/10 17:16:05 Ride: intelligent_shirley entering car 2 in seat 1
2024/09/10 17:16:07 Ride: intelligent_shirley entered car 2 in seat 1
2024/09/10 17:16:07 Ride: competent_pare entering car 3 in seat 0
2024/09/10 17:16:09 Ride: competent_pare entered car 3 in seat 0
2024/09/10 17:16:09 Ride: zealous_lovelace entering car 3 in seat 1
2024/09/10 17:16:11 Ride: zealous_lovelace entered car 3 in seat 1
2024/09/10 17:16:11 Ride: blissful_chaplygin entering car 4 in seat 0
2024/09/10 17:16:13 Ride: blissful_chaplygin entered car 4 in seat 0
2024/09/10 17:16:13 Ride: epic_jang entering car 4 in seat 1
2024/09/10 17:16:15 Ride: epic_jang entered car 4 in seat 1
2024/09/10 17:16:15 Ride: priceless_albattani entering car 5 in seat 0
2024/09/10 17:16:17 Ride: priceless_albattani entered car 5 in seat 0
2024/09/10 17:16:17 Ride: dazzling_lamarr entering car 5 in seat 1
2024/09/10 17:16:19 Ride: dazzling_lamarr entered car 5 in seat 1
2024/09/10 17:16:19 Ride: friendly_galileo entering car 6 in seat 0
2024/09/10 17:16:21 Ride: friendly_galileo entered car 6 in seat 0
2024/09/10 17:16:21 Ride: upbeat_jemison entering car 6 in seat 1
2024/09/10 17:16:23 Ride: upbeat_jemison entered car 6 in seat 1
2024/09/10 17:16:23 Ride: relaxed_solomon entering car 7 in seat 0
2024/09/10 17:16:25 Ride: relaxed_solomon entered car 7 in seat 0
2024/09/10 17:16:25 Ride: optimistic_chaum entering car 7 in seat 1
2024/09/10 17:16:27 Ride: optimistic_chaum entered car 7 in seat 1
2024/09/10 17:16:27 Ride: awesome_darwin entering car 8 in seat 0
2024/09/10 17:16:29 Ride: awesome_darwin entered car 8 in seat 0
2024/09/10 17:16:29 Ride: pensive_northcutt entering car 8 in seat 1
2024/09/10 17:16:31 Ride: pensive_northcutt entered car 8 in seat 1
2024/09/10 17:16:31 Entrance South: boring_yalow entered the queue. Size: 19
2024/09/10 17:16:31 Started: Ride
2024/09/10 17:16:31 Entrance West: suspicious_ritchie entered the queue. Size: 20
2024/09/10 17:16:31 Entrance North: elastic_cartwright entered the queue. Size: 21
2024/09/10 17:16:31 Entrance East: gifted_rosalind entered the queue. Size: 22
2024/09/10 17:16:32 Entrance East: vigorous_torvalds entered the queue. Size: 23
2024/09/10 17:16:33 Entrance North: stupefied_wozniak entered the queue. Size: 24
2024/09/10 17:16:33 Entrance East: romantic_hellman entered the queue. Size: 25
2024/09/10 17:16:33 Entrance South: nifty_lederberg entered the queue. Size: 26
2024/09/10 17:16:34 Entrance East: youthful_beaver entered the queue. Size: 27
2024/09/10 17:16:34 Entrance North: boring_brown entered the queue. Size: 28
2024/09/10 17:16:36 Entrance East: agitated_ride entered the queue. Size: 29
2024/09/10 17:16:36 Entrance South: determined_elgamal entered the queue. Size: 30
2024/09/10 17:16:36 Entrance West: stoic_chaum entered the queue. Size: 31
2024/09/10 17:16:36 Finished: Ride
2024/09/10 17:16:36 Ride: boring_brown entering car 1 in seat 1
2024/09/10 17:16:38 Ride: boring_brown entered car 1 in seat 1
2024/09/10 17:16:38 Ride: youthful_beaver entering car 2 in seat 0
2024/09/10 17:16:40 Ride: youthful_beaver entered car 2 in seat 0
2024/09/10 17:16:40 Ride: vigorous_torvalds entering car 2 in seat 1
2024/09/10 17:16:42 Ride: vigorous_torvalds entered car 2 in seat 1
2024/09/10 17:16:42 Ride: suspicious_ritchie entering car 3 in seat 0
2024/09/10 17:16:44 Ride: suspicious_ritchie entered car 3 in seat 0
2024/09/10 17:16:44 Ride: adoring_roentgen entering car 3 in seat 1
2024/09/10 17:16:46 Ride: adoring_roentgen entered car 3 in seat 1
2024/09/10 17:16:46 Ride: boring_euler entering car 4 in seat 0
2024/09/10 17:16:48 Ride: boring_euler entered car 4 in seat 0
2024/09/10 17:16:48 Ride: cranky_dijkstra entering car 4 in seat 1
2024/09/10 17:16:50 Ride: cranky_dijkstra entered car 4 in seat 1
2024/09/10 17:16:50 Ride: ecstatic_kalam entering car 5 in seat 0
2024/09/10 17:16:52 Ride: ecstatic_kalam entered car 5 in seat 0
2024/09/10 17:16:52 Ride: quirky_fermi entering car 5 in seat 1
2024/09/10 17:16:54 Ride: quirky_fermi entered car 5 in seat 1
2024/09/10 17:16:54 Ride: nice_newton entering car 6 in seat 0
2024/09/10 17:16:56 Ride: nice_newton entered car 6 in seat 0
2024/09/10 17:16:56 Ride: eager_pascal entering car 6 in seat 1
2024/09/10 17:16:58 Ride: eager_pascal entered car 6 in seat 1
2024/09/10 17:16:58 Ride: brave_joliot entering car 7 in seat 0
2024/09/10 17:17:00 Ride: brave_joliot entered car 7 in seat 0
2024/09/10 17:17:00 Ride: hardcore_dhawan entering car 7 in seat 1
2024/09/10 17:17:02 Ride: hardcore_dhawan entered car 7 in seat 1
2024/09/10 17:17:02 Ride: beautiful_newton entering car 8 in seat 0
2024/09/10 17:17:04 Ride: beautiful_newton entered car 8 in seat 0
2024/09/10 17:17:04 Ride: xenodochial_chatelet entering car 8 in seat 1
2024/09/10 17:17:06 Ride: xenodochial_chatelet entered car 8 in seat 1
2024/09/10 17:17:06 Started: Ride
2024/09/10 17:17:06 Entrance East: stoic_jang entered the queue. Size: 17
2024/09/10 17:17:06 Entrance North: funny_kapitsa entered the queue. Size: 18
2024/09/10 17:17:06 Entrance South: awesome_feistel entered the queue. Size: 19
2024/09/10 17:17:06 Entrance West: practical_black entered the queue. Size: 20
2024/09/10 17:17:07 Entrance South: cranky_easley entered the queue. Size: 21
2024/09/10 17:17:07 Entrance West: festive_sinoussi entered the queue. Size: 22
2024/09/10 17:17:08 Entrance East: unruffled_payne entered the queue. Size: 23
2024/09/10 17:17:09 Entrance South: romantic_germain entered the queue. Size: 24
2024/09/10 17:17:09 Entrance North: determined_kirch entered the queue. Size: 25
2024/09/10 17:17:09 Entrance East: compassionate_kalam entered the queue. Size: 26
2024/09/10 17:17:10 Entrance North: tender_swanson entered the queue. Size: 27
2024/09/10 17:17:10 Entrance South: ecstatic_shaw entered the queue. Size: 28
2024/09/10 17:17:10 Entrance East: focused_cori entered the queue. Size: 29
2024/09/10 17:17:10 Entrance West: naughty_hugle entered the queue. Size: 30
2024/09/10 17:17:10 Entrance East: flamboyant_napier entered the queue. Size: 31
2024/09/10 17:17:10 Entrance North: intelligent_kare entered the queue. Size: 32
2024/09/10 17:17:11 Entrance South: competent_ride entered the queue. Size: 33
2024/09/10 17:17:11 Finished: Ride
2024/09/10 17:17:11 Ride: intelligent_kare entering car 1 in seat 1
2024/09/10 17:17:13 Ride: intelligent_kare entered car 1 in seat 1
2024/09/10 17:17:13 Ride: awesome_feistel entering car 2 in seat 0
2024/09/10 17:17:15 Ride: awesome_feistel entered car 2 in seat 0
2024/09/10 17:17:15 Ride: funny_kapitsa entering car 2 in seat 1
2024/09/10 17:17:17 Ride: funny_kapitsa entered car 2 in seat 1
2024/09/10 17:17:17 Ride: fervent_brahmagupta entering car 3 in seat 0
2024/09/10 17:17:19 Ride: fervent_brahmagupta entered car 3 in seat 0
2024/09/10 17:17:19 Ride: compassionate_morse entering car 3 in seat 1
2024/09/10 17:17:21 Ride: compassionate_morse entered car 3 in seat 1
2024/09/10 17:17:21 Ride: beautiful_jemison entering car 4 in seat 0
2024/09/10 17:17:23 Ride: beautiful_jemison entered car 4 in seat 0
2024/09/10 17:17:23 Ride: determined_cannon entering car 4 in seat 1
2024/09/10 17:17:25 Ride: determined_cannon entered car 4 in seat 1
2024/09/10 17:17:25 Ride: intelligent_galileo entering car 5 in seat 0
2024/09/10 17:17:27 Ride: intelligent_galileo entered car 5 in seat 0
2024/09/10 17:17:27 Ride: silly_kapitsa entering car 5 in seat 1
2024/09/10 17:17:29 Ride: silly_kapitsa entered car 5 in seat 1
2024/09/10 17:17:29 Ride: affectionate_heyrovsky entering car 6 in seat 0
2024/09/10 17:17:31 Ride: affectionate_heyrovsky entered car 6 in seat 0
2024/09/10 17:17:31 Ride: boring_yalow entering car 6 in seat 1
2024/09/10 17:17:33 Ride: boring_yalow entered car 6 in seat 1
2024/09/10 17:17:33 Ride: elastic_cartwright entering car 7 in seat 0
2024/09/10 17:17:35 Ride: elastic_cartwright entered car 7 in seat 0
2024/09/10 17:17:35 Ride: gifted_rosalind entering car 7 in seat 1
2024/09/10 17:17:37 Ride: gifted_rosalind entered car 7 in seat 1
2024/09/10 17:17:37 Ride: stupefied_wozniak entering car 8 in seat 0
2024/09/10 17:17:39 Ride: stupefied_wozniak entered car 8 in seat 0
2024/09/10 17:17:39 Ride: romantic_hellman entering car 8 in seat 1
2024/09/10 17:17:41 Ride: romantic_hellman entered car 8 in seat 1
2024/09/10 17:17:41 Started: Ride
2024/09/10 17:17:41 Entrance East: angry_shannon entered the queue. Size: 19
2024/09/10 17:17:41 Entrance North: competent_mccarthy entered the queue. Size: 20
2024/09/10 17:17:41 Entrance South: confident_noether entered the queue. Size: 21
2024/09/10 17:17:41 Entrance West: hopeful_zhukovsky entered the queue. Size: 22
2024/09/10 17:17:43 Entrance East: objective_jemison entered the queue. Size: 23
2024/09/10 17:17:43 Entrance South: serene_clarke entered the queue. Size: 24
2024/09/10 17:17:44 Entrance North: gallant_vaughan entered the queue. Size: 25
2024/09/10 17:17:44 Entrance East: hopeful_hoover entered the queue. Size: 26
2024/09/10 17:17:44 Entrance West: musing_borg entered the queue. Size: 27
2024/09/10 17:17:45 Entrance East: jovial_albattani entered the queue. Size: 28
2024/09/10 17:17:45 Entrance North: amazing_kirch entered the queue. Size: 29
2024/09/10 17:17:46 Entrance East: elated_keldysh entered the queue. Size: 30
2024/09/10 17:17:46 Entrance North: sleepy_elgamal entered the queue. Size: 31
2024/09/10 17:17:46 Finished: Ride
2024/09/10 17:17:46 Ride: sleepy_elgamal entering car 1 in seat 1
2024/09/10 17:17:48 Ride: sleepy_elgamal entered car 1 in seat 1
2024/09/10 17:17:48 Ride: elated_keldysh entering car 2 in seat 0
2024/09/10 17:17:50 Ride: elated_keldysh entered car 2 in seat 0
2024/09/10 17:17:50 Ride: hopeful_hoover entering car 2 in seat 1
2024/09/10 17:17:52 Ride: hopeful_hoover entered car 2 in seat 1
2024/09/10 17:17:52 Ride: gallant_vaughan entering car 3 in seat 0
2024/09/10 17:17:54 Ride: gallant_vaughan entered car 3 in seat 0
2024/09/10 17:17:54 Ride: objective_jemison entering car 3 in seat 1
2024/09/10 17:17:56 Ride: objective_jemison entered car 3 in seat 1
2024/09/10 17:17:56 Ride: nifty_lederberg entering car 4 in seat 0
2024/09/10 17:17:58 Ride: nifty_lederberg entered car 4 in seat 0
2024/09/10 17:17:58 Ride: agitated_ride entering car 4 in seat 1
2024/09/10 17:18:00 Ride: agitated_ride entered car 4 in seat 1
2024/09/10 17:18:00 Ride: determined_elgamal entering car 5 in seat 0
2024/09/10 17:18:02 Ride: determined_elgamal entered car 5 in seat 0
2024/09/10 17:18:02 Ride: stoic_chaum entering car 5 in seat 1
2024/09/10 17:18:04 Ride: stoic_chaum entered car 5 in seat 1
2024/09/10 17:18:04 Ride: stoic_jang entering car 6 in seat 0
2024/09/10 17:18:06 Ride: stoic_jang entered car 6 in seat 0
2024/09/10 17:18:06 Ride: practical_black entering car 6 in seat 1
2024/09/10 17:18:08 Ride: practical_black entered car 6 in seat 1
2024/09/10 17:18:08 Ride: cranky_easley entering car 7 in seat 0
2024/09/10 17:18:10 Ride: cranky_easley entered car 7 in seat 0
2024/09/10 17:18:10 Ride: festive_sinoussi entering car 7 in seat 1
2024/09/10 17:18:12 Ride: festive_sinoussi entered car 7 in seat 1
2024/09/10 17:18:12 Ride: unruffled_payne entering car 8 in seat 0
2024/09/10 17:18:14 Ride: unruffled_payne entered car 8 in seat 0
2024/09/10 17:18:14 Ride: romantic_germain entering car 8 in seat 1
2024/09/10 17:18:16 Ride: romantic_germain entered car 8 in seat 1
2024/09/10 17:18:16 Entrance South: condescending_jackson entered the queue. Size: 17
2024/09/10 17:18:16 Started: Ride
2024/09/10 17:18:16 Entrance North: cool_khorana entered the queue. Size: 18
2024/09/10 17:18:16 Entrance East: loving_saha entered the queue. Size: 19
2024/09/10 17:18:16 Entrance West: silly_chatelet entered the queue. Size: 20
2024/09/10 17:18:17 Entrance South: busy_chandrasekhar entered the queue. Size: 21
2024/09/10 17:18:17 Entrance South: youthful_poitras entered the queue. Size: 22
2024/09/10 17:18:18 Entrance East: recursing_shaw entered the queue. Size: 23
2024/09/10 17:18:18 Entrance North: happy_diffie entered the queue. Size: 24
2024/09/10 17:18:19 Entrance South: pedantic_euclid entered the queue. Size: 25
2024/09/10 17:18:19 Entrance East: dreamy_lalande entered the queue. Size: 26
2024/09/10 17:18:20 Entrance South: naughty_nightingale entered the queue. Size: 27
2024/09/10 17:18:21 Entrance South: youthful_knuth entered the queue. Size: 28
2024/09/10 17:18:21 Finished: Ride
2024/09/10 17:18:21 Ride: youthful_poitras entering car 1 in seat 1
2024/09/10 17:18:23 Ride: youthful_poitras entered car 1 in seat 1
2024/09/10 17:18:23 Ride: determined_kirch entering car 2 in seat 0
2024/09/10 17:18:25 Ride: determined_kirch entered car 2 in seat 0
2024/09/10 17:18:25 Ride: compassionate_kalam entering car 2 in seat 1
2024/09/10 17:18:27 Ride: compassionate_kalam entered car 2 in seat 1
2024/09/10 17:18:27 Ride: tender_swanson entering car 3 in seat 0
2024/09/10 17:18:29 Ride: tender_swanson entered car 3 in seat 0
2024/09/10 17:18:29 Ride: ecstatic_shaw entering car 3 in seat 1
2024/09/10 17:18:31 Ride: ecstatic_shaw entered car 3 in seat 1
2024/09/10 17:18:31 Ride: focused_cori entering car 4 in seat 0
2024/09/10 17:18:33 Ride: focused_cori entered car 4 in seat 0
2024/09/10 17:18:33 Ride: naughty_hugle entering car 4 in seat 1
2024/09/10 17:18:35 Ride: naughty_hugle entered car 4 in seat 1
2024/09/10 17:18:35 Ride: flamboyant_napier entering car 5 in seat 0
2024/09/10 17:18:37 Ride: flamboyant_napier entered car 5 in seat 0
2024/09/10 17:18:37 Ride: competent_ride entering car 5 in seat 1
2024/09/10 17:18:39 Ride: competent_ride entered car 5 in seat 1
2024/09/10 17:18:39 Ride: angry_shannon entering car 6 in seat 0
2024/09/10 17:18:41 Ride: angry_shannon entered car 6 in seat 0
2024/09/10 17:18:41 Ride: competent_mccarthy entering car 6 in seat 1
2024/09/10 17:18:43 Ride: competent_mccarthy entered car 6 in seat 1
2024/09/10 17:18:43 Ride: confident_noether entering car 7 in seat 0
2024/09/10 17:18:45 Ride: confident_noether entered car 7 in seat 0
2024/09/10 17:18:45 Ride: hopeful_zhukovsky entering car 7 in seat 1
2024/09/10 17:18:47 Ride: hopeful_zhukovsky entered car 7 in seat 1
2024/09/10 17:18:47 Ride: serene_clarke entering car 8 in seat 0
2024/09/10 17:18:49 Ride: serene_clarke entered car 8 in seat 0
2024/09/10 17:18:49 Started: Ride
2024/09/10 17:18:49 Entrance North: confident_mirzakhani entered the queue. Size: 15
2024/09/10 17:18:49 Entrance East: vigorous_joliot entered the queue. Size: 16
2024/09/10 17:18:49 Entrance West: boring_bardeen entered the queue. Size: 17
2024/09/10 17:18:49 Entrance South: priceless_bhaskara entered the queue. Size: 18
2024/09/10 17:18:51 Entrance North: quizzical_jemison entered the queue. Size: 19
2024/09/10 17:18:51 Entrance South: bold_cerf entered the queue. Size: 20
2024/09/10 17:18:51 Entrance East: xenodochial_banach entered the queue. Size: 21
2024/09/10 17:18:51 Entrance West: elegant_solomon entered the queue. Size: 22
2024/09/10 17:18:52 Entrance East: lucid_buck entered the queue. Size: 23
2024/09/10 17:18:52 Entrance South: intelligent_kilby entered the queue. Size: 24
2024/09/10 17:18:53 Entrance North: kind_hofstadter entered the queue. Size: 25
2024/09/10 17:18:54 Entrance East: compassionate_bohr entered the queue. Size: 26
2024/09/10 17:18:54 Finished: Ride
2024/09/10 17:18:54 Ride: lucid_buck entering car 1 in seat 1
2024/09/10 17:18:56 Ride: lucid_buck entered car 1 in seat 1
2024/09/10 17:18:56 Ride: elegant_solomon entering car 2 in seat 0
2024/09/10 17:18:58 Ride: elegant_solomon entered car 2 in seat 0
2024/09/10 17:18:58 Ride: quizzical_jemison entering car 2 in seat 1
2024/09/10 17:19:00 Ride: quizzical_jemison entered car 2 in seat 1
2024/09/10 17:19:00 Ride: musing_borg entering car 3 in seat 0
2024/09/10 17:19:02 Ride: musing_borg entered car 3 in seat 0
2024/09/10 17:19:02 Ride: jovial_albattani entering car 3 in seat 1
2024/09/10 17:19:04 Ride: jovial_albattani entered car 3 in seat 1
2024/09/10 17:19:04 Ride: amazing_kirch entering car 4 in seat 0
2024/09/10 17:19:06 Ride: amazing_kirch entered car 4 in seat 0
2024/09/10 17:19:06 Ride: condescending_jackson entering car 4 in seat 1
2024/09/10 17:19:08 Ride: condescending_jackson entered car 4 in seat 1
2024/09/10 17:19:08 Ride: cool_khorana entering car 5 in seat 0
2024/09/10 17:19:10 Ride: cool_khorana entered car 5 in seat 0
2024/09/10 17:19:10 Ride: loving_saha entering car 5 in seat 1
2024/09/10 17:19:12 Ride: loving_saha entered car 5 in seat 1
2024/09/10 17:19:12 Ride: silly_chatelet entering car 6 in seat 0
2024/09/10 17:19:14 Ride: silly_chatelet entered car 6 in seat 0
2024/09/10 17:19:14 Ride: busy_chandrasekhar entering car 6 in seat 1
2024/09/10 17:19:16 Ride: busy_chandrasekhar entered car 6 in seat 1
2024/09/10 17:19:16 Ride: recursing_shaw entering car 7 in seat 0
2024/09/10 17:19:18 Ride: recursing_shaw entered car 7 in seat 0
2024/09/10 17:19:18 Ride: happy_diffie entering car 7 in seat 1
2024/09/10 17:19:20 Ride: happy_diffie entered car 7 in seat 1
2024/09/10 17:19:20 Started: Ride
2024/09/10 17:19:20 Entrance South: silly_lamport entered the queue. Size: 14
2024/09/10 17:19:20 Entrance North: reverent_mayer entered the queue. Size: 15
2024/09/10 17:19:20 Entrance East: cool_pasteur entered the queue. Size: 16
2024/09/10 17:19:20 Entrance West: quizzical_haibt entered the queue. Size: 17
2024/09/10 17:19:21 Entrance North: determined_euclid entered the queue. Size: 18
2024/09/10 17:19:21 Entrance South: determined_agnesi entered the queue. Size: 19
2024/09/10 17:19:21 Entrance North: objective_noyce entered the queue. Size: 20
2024/09/10 17:19:22 Entrance East: intelligent_wright entered the queue. Size: 21
2024/09/10 17:19:22 Entrance East: peaceful_heyrovsky entered the queue. Size: 22
2024/09/10 17:19:23 Entrance North: pensive_mendeleev entered the queue. Size: 23
2024/09/10 17:19:23 Entrance North: blissful_banach entered the queue. Size: 24
2024/09/10 17:19:24 Entrance East: cranky_villani entered the queue. Size: 25
2024/09/10 17:19:24 Entrance East: cool_bell entered the queue. Size: 26
2024/09/10 17:19:25 Entrance South: nervous_cannon entered the queue. Size: 27
2024/09/10 17:19:25 Entrance North: amazing_mendeleev entered the queue. Size: 28
2024/09/10 17:19:25 Finished: Ride
2024/09/10 17:19:25 Ride: quizzical_haibt entering car 1 in seat 1
2024/09/10 17:19:27 Ride: quizzical_haibt entered car 1 in seat 1
2024/09/10 17:19:27 Ride: reverent_mayer entering car 2 in seat 0
2024/09/10 17:19:29 Ride: reverent_mayer entered car 2 in seat 0
2024/09/10 17:19:29 Ride: pedantic_euclid entering car 2 in seat 1
2024/09/10 17:19:31 Ride: pedantic_euclid entered car 2 in seat 1
2024/09/10 17:19:31 Ride: dreamy_lalande entering car 3 in seat 0
2024/09/10 17:19:33 Ride: dreamy_lalande entered car 3 in seat 0
2024/09/10 17:19:33 Ride: naughty_nightingale entering car 3 in seat 1
2024/09/10 17:19:35 Ride: naughty_nightingale entered car 3 in seat 1
2024/09/10 17:19:35 Ride: youthful_knuth entering car 4 in seat 0
2024/09/10 17:19:37 Ride: youthful_knuth entered car 4 in seat 0
2024/09/10 17:19:37 Ride: confident_mirzakhani entering car 4 in seat 1
2024/09/10 17:19:39 Ride: confident_mirzakhani entered car 4 in seat 1
2024/09/10 17:19:39 Ride: vigorous_joliot entering car 5 in seat 0
2024/09/10 17:19:41 Ride: vigorous_joliot entered car 5 in seat 0
2024/09/10 17:19:41 Ride: boring_bardeen entering car 5 in seat 1
2024/09/10 17:19:43 Ride: boring_bardeen entered car 5 in seat 1
2024/09/10 17:19:43 Ride: priceless_bhaskara entering car 6 in seat 0
2024/09/10 17:19:45 Ride: priceless_bhaskara entered car 6 in seat 0
2024/09/10 17:19:45 Ride: bold_cerf entering car 6 in seat 1
2024/09/10 17:19:47 Ride: bold_cerf entered car 6 in seat 1
2024/09/10 17:19:47 Ride: xenodochial_banach entering car 7 in seat 0
2024/09/10 17:19:49 Ride: xenodochial_banach entered car 7 in seat 0
2024/09/10 17:19:49 Ride: intelligent_kilby entering car 7 in seat 1
